<?xml version="1.0" encoding="UTF-8"?>
<testsuites name="FIT4110 Lab04 IoT Docker Verification" tests="11" time="0.126">
  <testsuite name="01_Functional / GET health returns 200" id="3b025d4f-ad71-43af-8450-9582fd24f935" timestamp="2026-08-21T01:37:18.538Z" tests="3" failures="0" errors="0" time="0.056">
    <testcase name="Status code is 200" time="0.056" classname="01FunctionalGetHealthReturns200"/>
    <testcase name="Response has status ok" time="0.056" classname="01FunctionalGetHealthReturns200"/>
    <testcase name="Response has service name and version" time="0.056" classname="01FunctionalGetHealthReturns200"/>
  </testsuite>
  <testsuite name="01_Functional / POST valid temperature reading returns 201" id="bd65d4cf-e771-462c-8efe-75e19d658c52" timestamp="2026-08-21T01:37:18.538Z" tests="3" failures="0" errors="0" time="0.011">
    <testcase name="Status code is 201" time="0.011" classname="01FunctionalPostValidTemperatureReadingReturns201"/>
    <testcase name="Response follows created-reading schema" time="0.011" classname="01FunctionalPostValidTemperatureReadingReturns201"/>
    <testcase name="Response device_id matches request" time="0.011" classname="01FunctionalPostValidTemperatureReadingReturns201"/>
  </testsuite>
  <testsuite name="01_Functional / GET latest readings returns items array" id="83124295-b745-415d-81a4-1f1af9552339" timestamp="2026-08-21T01:37:18.538Z" tests="2" failures="0" errors="0" time="0.009">
    <testcase name="Status code is 200" time="0.009" classname="01FunctionalGetLatestReadingsReturnsItemsArray"/>
    <testcase name="Response has items array" time="0.009" classname="01FunctionalGetLatestReadingsReturnsItemsArray"/>
  </testsuite>
  <testsuite name="01_Functional / GET reading by saved reading_id returns 200" id="528f812b-822b-4221-803d-ce72f32a6e84" timestamp="2026-08-21T01:37:18.538Z" tests="2" failures="0" errors="0" time="0.008">
    <testcase name="Status code is 200" time="0.008" classname="01FunctionalGetReadingBySavedReadingIdReturns200"/>
    <testcase name="Response reading_id matches saved variable" time="0.008" classname="01FunctionalGetReadingBySavedReadingIdReturns200"/>
  </testsuite>
  <testsuite name="02_Auth / POST reading without token returns 401" id="564211d6-6acd-4ea3-85d3-9ae1aa62c697" timestamp="2026-08-21T01:37:18.538Z" tests="1" failures="0" errors="0" time="0.006">
    <testcase name="Missing token returns 401" time="0.006" classname="02AuthPostReadingWithoutTokenReturns401"/>
  </testsuite>
  <testsuite name="02_Auth / POST reading with wrong token returns 401" id="323617d2-07df-4b49-aa47-b6c126c7b1b9" timestamp="2026-08-21T01:37:18.538Z" tests="1" failures="0" errors="0" time="0.006">
    <testcase name="Wrong token returns 401" time="0.006" classname="02AuthPostReadingWithWrongTokenReturns401"/>
  </testsuite>
  <testsuite name="03_Negative / POST reading missing device_id returns validation error" id="120a6f08-3344-49d9-aab9-5ad20983b77f" timestamp="2026-08-21T01:37:18.538Z" tests="1" failures="0" errors="0" time="0.006">
    <testcase name="Missing required field returns 422" time="0.006" classname="03NegativePostReadingMissingDeviceIdReturnsValidationError"/>
  </testsuite>
  <testsuite name="03_Negative / POST reading with value as string returns validation error" id="9f4788f7-bb1f-4dd4-9a26-d8e2f0f08847" timestamp="2026-08-21T01:37:18.538Z" tests="1" failures="0" errors="0" time="0.006">
    <testcase name="Wrong data type returns 422" time="0.006" classname="03NegativePostReadingWithValueAsStringReturnsValidationError"/>
  </testsuite>
  <testsuite name="04_Boundary_Reliability / POST boundary temperature 80 is accepted with warning" id="5d283e38-d4c2-404b-831a-e310a01a371a" timestamp="2026-08-21T01:37:18.538Z" tests="2" failures="0" errors="0" time="0.007">
    <testcase name="Boundary value 80 returns 201" time="0.007" classname="04BoundaryReliabilityPostBoundaryTemperature80IsAcceptedWithWarning"/>
    <testcase name="High temperature response includes warning header" time="0.007" classname="04BoundaryReliabilityPostBoundaryTemperature80IsAcceptedWithWarning"/>
  </testsuite>
  <testsuite name="04_Boundary_Reliability / POST boundary temperature 81 is rejected" id="60995f51-f7c4-46ab-abf5-f770af36154a" timestamp="2026-08-21T01:37:18.538Z" tests="1" failures="0" errors="0" time="0.006">
    <testcase name="Boundary value 81 returns 422" time="0.006" classname="04BoundaryReliabilityPostBoundaryTemperature81IsRejected"/>
  </testsuite>
  <testsuite name="04_Boundary_Reliability / GET health responds under 1000ms on local/container" id="a29296cc-04fd-4daf-bab7-5a226cdcae84" timestamp="2026-08-21T01:37:18.538Z" tests="2" failures="0" errors="0" time="0.005">
    <testcase name="Response time is below 1000ms" time="0.005" classname="04BoundaryReliabilityGetHealthRespondsUnder1000MsOnLocalContainer"/>
    <testcase name="Health endpoint is reachable" time="0.005" classname="04BoundaryReliabilityGetHealthRespondsUnder1000MsOnLocalContainer"/>
  </testsuite>
</testsuites>